\BOOKMARK [1][-]{section*.1}{Einleitung}{}% 1
\BOOKMARK [1][-]{section.1}{Animismus}{}% 2
\BOOKMARK [2][-]{subsection.1.1}{Der alte Animismus}{section.1}% 3
\BOOKMARK [3][-]{subsubsection.1.1.1}{Animismus und Shintoismus}{subsection.1.1}% 4
\BOOKMARK [2][-]{subsection.1.2}{Harvey Graham: Ans\344tze f\374r einen modernen Animismus}{section.1}% 5
\BOOKMARK [2][-]{subsection.1.3}{Pascal Boyer: Methoden der kognitiven Religionswissenschaft}{section.1}% 6
\BOOKMARK [3][-]{subsubsection.1.3.1}{Meme}{subsection.1.3}% 7
\BOOKMARK [3][-]{subsubsection.1.3.2}{Schablonen}{subsection.1.3}% 8
\BOOKMARK [3][-]{subsubsection.1.3.3}{Beschaffenheit des \334bernat\374rlichen}{subsection.1.3}% 9
\BOOKMARK [1][-]{section.2}{Animes}{}% 10
\BOOKMARK [2][-]{subsection.2.1}{Japanische Animationsfilme}{section.2}% 11
\BOOKMARK [3][-]{subsubsection.2.1.1}{Geschichte}{subsection.2.1}% 12
\BOOKMARK [3][-]{subsubsection.2.1.2}{Eigenschaften der japanischen Animationsfilme}{subsection.2.1}% 13
\BOOKMARK [2][-]{subsection.2.2}{Hayao Miyazaki}{section.2}% 14
\BOOKMARK [2][-]{subsection.2.3}{Prinzessin Mononoke}{section.2}% 15
\BOOKMARK [3][-]{subsubsection.2.3.1}{Filmhintergrund}{subsection.2.3}% 16
\BOOKMARK [3][-]{subsubsection.2.3.2}{Zusammenfassung}{subsection.2.3}% 17
\BOOKMARK [3][-]{subsubsection.2.3.3}{Figurenanalyse}{subsection.2.3}% 18
\BOOKMARK [2][-]{subsection.2.4}{Das wandelnde Schloss}{section.2}% 19
\BOOKMARK [3][-]{subsubsection.2.4.1}{Filmhintergrund}{subsection.2.4}% 20
\BOOKMARK [3][-]{subsubsection.2.4.2}{Zusammenfassung}{subsection.2.4}% 21
\BOOKMARK [3][-]{subsubsection.2.4.3}{Figurenanalyse}{subsection.2.4}% 22
\BOOKMARK [1][-]{section.3}{Analyse}{}% 23
\BOOKMARK [2][-]{subsection.3.1}{Mononoke}{section.3}% 24
\BOOKMARK [3][-]{subsubsection.3.1.1}{Konflikt als Resultat fehlenden Respekts}{subsection.3.1}% 25
\BOOKMARK [3][-]{subsubsection.3.1.2}{Die ontologische Kategorie TIER}{subsection.3.1}% 26
\BOOKMARK [2][-]{subsection.3.2}{Wandelndes Schloss}{section.3}% 27
\BOOKMARK [3][-]{subsubsection.3.2.1}{Alles lebt}{subsection.3.2}% 28
\BOOKMARK [3][-]{subsubsection.3.2.2}{Das Haus, ein WERKZEUG}{subsection.3.2}% 29
\BOOKMARK [1][-]{subsubsection.3.2.2}{Schlusswort}{}% 30
\BOOKMARK [1][-]{section*.15}{Bibliographie}{}% 31
